<?xml version="1.0" encoding="UTF-8"?>
<coverage generated="1518011655365" clover="3.2.0">
  <project timestamp="1518011655365" name="All files">
    <metrics statements="26" coveredstatements="26" conditionals="11" coveredconditionals="11" methods="14" coveredmethods="14" elements="51" coveredelements="51" complexity="0" loc="26" ncloc="26" packages="1" files="3" classes="3">
      <file name="ConvertLine.js" path="/Users/ozaki/Applications/react/Timeout/src/utils/ConvertLine.js">
        <metrics statements="1" coveredstatements="1" conditionals="0" coveredconditionals="0" methods="1" coveredmethods="1"/>
        <line num="1" count="1" type="stmt"/>
      </file>
      <file name="DeepSleepTimer.js" path="/Users/ozaki/Applications/react/Timeout/src/utils/DeepSleepTimer.js">
        <metrics statements="15" coveredstatements="15" conditionals="6" coveredconditionals="6" methods="8" coveredmethods="8"/>
        <line num="6" count="28" type="stmt"/>
        <line num="7" count="28" type="stmt"/>
        <line num="8" count="28" type="stmt"/>
        <line num="12" count="15" type="stmt"/>
        <line num="13" count="15" type="stmt"/>
        <line num="17" count="1" type="stmt"/>
        <line num="18" count="1" type="stmt"/>
        <line num="22" count="15" type="stmt"/>
        <line num="26" count="2" type="cond" truecount="2" falsecount="0"/>
        <line num="27" count="1" type="stmt"/>
        <line num="29" count="1" type="stmt"/>
        <line num="34" count="3" type="cond" truecount="2" falsecount="0"/>
        <line num="35" count="3" type="stmt"/>
        <line num="39" count="9" type="cond" truecount="2" falsecount="0"/>
        <line num="41" count="2" type="stmt"/>
      </file>
      <file name="Timer.js" path="/Users/ozaki/Applications/react/Timeout/src/utils/Timer.js">
        <metrics statements="10" coveredstatements="10" conditionals="5" coveredconditionals="5" methods="5" coveredmethods="5"/>
        <line num="1" count="2" type="stmt"/>
        <line num="5" count="39" type="stmt"/>
        <line num="6" count="39" type="stmt"/>
        <line num="10" count="29" type="stmt"/>
        <line num="11" count="29" type="stmt"/>
        <line num="15" count="13" type="stmt"/>
        <line num="16" count="13" type="stmt"/>
        <line num="20" count="6" type="stmt"/>
        <line num="21" count="6" type="stmt"/>
        <line num="22" count="6" type="stmt"/>
      </file>
    </metrics>
  </project>
</coverage>
