<?xml version="1.0" encoding="UTF-8"?>
<coverage generated="1518571435262" clover="3.2.0">
  <project timestamp="1518571435262" name="All files">
    <metrics statements="30" coveredstatements="30" conditionals="11" coveredconditionals="11" methods="16" coveredmethods="16" elements="57" coveredelements="57" complexity="0" loc="30" ncloc="30" packages="2" files="3" classes="3">
      <package name="jest">
        <metrics statements="1" coveredstatements="1" conditionals="0" coveredconditionals="0" methods="1" coveredmethods="1"/>
        <file name="setup.js" path="/Users/ITPUser/Applications/react/react_native_timer_sample/jest/setup.js">
          <metrics statements="1" coveredstatements="1" conditionals="0" coveredconditionals="0" methods="1" coveredmethods="1"/>
          <line num="1" count="2" type="stmt"/>
        </file>
      </package>
      <package name="src.utils">
        <metrics statements="29" coveredstatements="29" conditionals="11" coveredconditionals="11" methods="15" coveredmethods="15"/>
        <file name="DeepSleepTimer.js" path="/Users/ITPUser/Applications/react/react_native_timer_sample/src/utils/DeepSleepTimer.js">
          <metrics statements="19" coveredstatements="19" conditionals="6" coveredconditionals="6" methods="10" coveredmethods="10"/>
          <line num="6" count="28" type="stmt"/>
          <line num="7" count="9" type="stmt"/>
          <line num="8" count="9" type="stmt"/>
          <line num="10" count="28" type="stmt"/>
          <line num="14" count="15" type="stmt"/>
          <line num="15" count="15" type="stmt"/>
          <line num="16" count="15" type="stmt"/>
          <line num="20" count="6" type="stmt"/>
          <line num="21" count="6" type="stmt"/>
          <line num="25" count="1" type="stmt"/>
          <line num="26" count="1" type="stmt"/>
          <line num="30" count="15" type="stmt"/>
          <line num="34" count="2" type="cond" truecount="2" falsecount="0"/>
          <line num="35" count="1" type="stmt"/>
          <line num="37" count="1" type="stmt"/>
          <line num="42" count="3" type="cond" truecount="2" falsecount="0"/>
          <line num="43" count="3" type="stmt"/>
          <line num="47" count="9" type="cond" truecount="2" falsecount="0"/>
          <line num="49" count="2" type="stmt"/>
        </file>
        <file name="Timer.js" path="/Users/ITPUser/Applications/react/react_native_timer_sample/src/utils/Timer.js">
          <metrics statements="10" coveredstatements="10" conditionals="5" coveredconditionals="5" methods="5" coveredmethods="5"/>
          <line num="1" count="2" type="stmt"/>
          <line num="5" count="40" type="stmt"/>
          <line num="6" count="40" type="stmt"/>
          <line num="10" count="30" type="stmt"/>
          <line num="11" count="30" type="stmt"/>
          <line num="15" count="13" type="stmt"/>
          <line num="16" count="13" type="stmt"/>
          <line num="20" count="6" type="stmt"/>
          <line num="21" count="6" type="stmt"/>
          <line num="22" count="6" type="stmt"/>
        </file>
      </package>
    </metrics>
  </project>
</coverage>
