TN:
SF:/Users/ozaki/Applications/react/Timeout/src/utils/ConvertLine.js
FN:1,(anonymous_0)
FNF:1
FNH:1
FNDA:1,(anonymous_0)
DA:1,1
LF:1
LH:1
BRF:0
BRH:0
end_of_record
TN:
SF:/Users/ozaki/Applications/react/Timeout/src/utils/DeepSleepTimer.js
FN:5,(anonymous_0)
FN:11,(anonymous_1)
FN:16,(anonymous_2)
FN:21,(anonymous_3)
FN:25,(anonymous_4)
FN:33,(anonymous_5)
FN:38,(anonymous_6)
FN:41,(anonymous_7)
FNF:8
FNH:8
FNDA:28,(anonymous_0)
FNDA:15,(anonymous_1)
FNDA:1,(anonymous_2)
FNDA:15,(anonymous_3)
FNDA:2,(anonymous_4)
FNDA:3,(anonymous_5)
FNDA:9,(anonymous_6)
FNDA:2,(anonymous_7)
DA:6,28
DA:7,28
DA:8,28
DA:12,15
DA:13,15
DA:17,1
DA:18,1
DA:22,15
DA:26,2
DA:27,1
DA:29,1
DA:34,3
DA:35,3
DA:39,9
DA:41,2
LF:15
LH:15
BRDA:26,0,0,1
BRDA:26,0,1,1
BRDA:34,1,0,2
BRDA:34,1,1,1
BRDA:39,2,0,9
BRDA:39,2,1,6
BRF:6
BRH:6
end_of_record
TN:
SF:/Users/ozaki/Applications/react/Timeout/src/utils/Timer.js
FN:1,(anonymous_0)
FN:4,(anonymous_1)
FN:9,(anonymous_2)
FN:14,(anonymous_3)
FN:19,(anonymous_4)
FNF:5
FNH:5
FNDA:36,(anonymous_0)
FNDA:39,(anonymous_1)
FNDA:29,(anonymous_2)
FNDA:13,(anonymous_3)
FNDA:6,(anonymous_4)
DA:1,2
DA:5,39
DA:6,39
DA:10,29
DA:11,29
DA:15,13
DA:16,13
DA:20,6
DA:21,6
DA:22,6
LF:10
LH:10
BRDA:4,0,0,5
BRDA:4,1,0,35
BRDA:9,2,0,25
BRDA:14,3,0,9
BRDA:19,4,0,2
BRF:5
BRH:5
end_of_record
